Carregando dados limpos de:
c:\Users\mpoli\Desktop\UFOP\9 PERIODO\TCC\Scripts\ModelData\Italian Grand Prix\italian_grand_prix_cleaned_data.csv
--- PREPARAÇÃO PARA XGBOOST (SEM ONE_HOT_THRESH, DRIVER ONE-HOT) ---

--- SPLIT SEQUENCIAL DEFINIDO ---
Pista: Italian Grand Prix
Total de voltas consideradas: 51 (LapNumber 3-53)
Holdout (20% final): voltas 43-53 | Total de voltas: 11 | Registros: 510
Modelagem (80% iniciais): voltas 3-42 | Total de voltas: 40 | Registros: 2484

--- SLIDING WINDOW CONFIGURADO (DENTRO DOS 80% DE MODELAGEM) ---
window_ratio=0.20 | window_size=497 | train/val interno=397/100 | step_size=100 | janelas=21

--- TUNAGEM OPTUNA ---

--- CALIBRANDO N_ESTIMATORS POR SLIDING WINDOW ---

--- TREINANDO MODELO FINAL (BASE DE MODELAGEM 80%) ---

Parâmetros Finais Otimizados:
{'objective': 'reg:squarederror', 'tree_method': 'hist', 'eval_metric': 'rmse', 'seed': 42, 'learning_rate': 0.07938937758554232, 'max_depth': 9, 'min_child_weight': 4, 'subsample': 0.6783195564657784, 'colsample_bytree': 0.8299898502349405, 'gamma': 0.2843060204228879, 'reg_alpha': 0.020120796353069483, 'reg_lambda': 1.5538284659733254e-07, 'n_estimators': 162}

[SUCESSO] Parametros do Optuna salvos em:
c:\Users\mpoli\Desktop\UFOP\9 PERIODO\TCC\Scripts\Results\xgboost\sw\params\italian_grand_prix_xgb_params_sw.json

--- AVALIAÇÃO INTERNA POR SLIDING WINDOW (DENTRO DOS 80%) ---
Janela 1 | treino LapNumber 3-8 (n=397) | val LapNumber 8-10 (n=100) | RMSE=0.3050 | R2=0.9530
Janela 2 | treino LapNumber 4-10 (n=397) | val LapNumber 10-11 (n=100) | RMSE=0.2754 | R2=0.9648
Janela 3 | treino LapNumber 6-11 (n=397) | val LapNumber 11-13 (n=100) | RMSE=0.2608 | R2=0.9680
Janela 4 | treino LapNumber 7-13 (n=397) | val LapNumber 13-15 (n=100) | RMSE=0.2745 | R2=0.9689
Janela 5 | treino LapNumber 8-15 (n=397) | val LapNumber 15-16 (n=100) | RMSE=0.2971 | R2=0.9645
Janela 6 | treino LapNumber 10-16 (n=397) | val LapNumber 16-18 (n=100) | RMSE=0.2497 | R2=0.9737
Janela 7 | treino LapNumber 11-18 (n=397) | val LapNumber 18-20 (n=100) | RMSE=0.3103 | R2=0.9573
Janela 8 | treino LapNumber 13-20 (n=397) | val LapNumber 20-22 (n=100) | RMSE=0.2688 | R2=0.9746
Janela 9 | treino LapNumber 15-22 (n=397) | val LapNumber 22-23 (n=100) | RMSE=0.2737 | R2=0.9711
Janela 10 | treino LapNumber 16-23 (n=397) | val LapNumber 23-25 (n=100) | RMSE=0.2680 | R2=0.9711
Janela 11 | treino LapNumber 18-25 (n=397) | val LapNumber 25-26 (n=100) | RMSE=0.2605 | R2=0.9729
Janela 12 | treino LapNumber 20-26 (n=397) | val LapNumber 26-28 (n=100) | RMSE=0.2684 | R2=0.9694
Janela 13 | treino LapNumber 22-28 (n=397) | val LapNumber 28-29 (n=100) | RMSE=0.3044 | R2=0.9677
Janela 14 | treino LapNumber 23-29 (n=397) | val LapNumber 29-31 (n=100) | RMSE=0.2504 | R2=0.9756
Janela 15 | treino LapNumber 25-31 (n=397) | val LapNumber 31-32 (n=100) | RMSE=0.2790 | R2=0.9740
Janela 16 | treino LapNumber 26-32 (n=397) | val LapNumber 32-34 (n=100) | RMSE=0.3046 | R2=0.9693
Janela 17 | treino LapNumber 28-34 (n=397) | val LapNumber 34-36 (n=100) | RMSE=0.2812 | R2=0.9736
Janela 18 | treino LapNumber 29-36 (n=397) | val LapNumber 36-37 (n=100) | RMSE=0.2743 | R2=0.9774
Janela 19 | treino LapNumber 31-37 (n=397) | val LapNumber 37-39 (n=100) | RMSE=0.2869 | R2=0.9689
Janela 20 | treino LapNumber 32-39 (n=397) | val LapNumber 39-41 (n=100) | RMSE=0.3709 | R2=0.9486
Janela 21 | treino LapNumber 34-41 (n=397) | val LapNumber 41-42 (n=100) | RMSE=0.2800 | R2=0.9739

--- RESULTADO FINAL XGBOOST ---
RMSE Médio: 0.2830 IC95%: [0.2709, 0.2952]
MAE Médio: 0.2182 IC95%: [0.2091, 0.2273]
R2 Médio: 0.9685 IC95%: [0.9651, 0.9719]

--- TESTE FINAL NO HOLDOUT SEQUENCIAL (20%) ---
Teste final (holdout): voltas 43-53 | Registros: 510
Holdout RMSE: 0.3276 IC95%: [0.3048, 0.3494]
Holdout MAE: 0.2562 IC95%: [0.2391, 0.2733]
Holdout R2: 0.9711 IC95%: [0.9672, 0.9747]

[I 2026-04-13 19:42:37,143] A new study created in memory with name: no-name-9924eb0b-5cd4-49b5-82c7-dde87dca0a54
[I 2026-04-13 19:42:44,722] Trial 0 finished with value: 0.3094632901808982 and parameters: {'learning_rate': 0.030710573677773714, 'max_depth': 10, 'min_child_weight': 8, 'subsample': 0.8394633936788146, 'colsample_bytree': 0.6624074561769746, 'gamma': 0.7799726016810132, 'reg_alpha': 3.3323645788192616e-08, 'reg_lambda': 0.6245760287469893}. Best is trial 0 with value: 0.3094632901808982.
[I 2026-04-13 19:42:48,690] Trial 1 finished with value: 0.2978450099955839 and parameters: {'learning_rate': 0.06054365855469246, 'max_depth': 8, 'min_child_weight': 1, 'subsample': 0.9879639408647978, 'colsample_bytree': 0.9329770563201687, 'gamma': 1.0616955533913808, 'reg_alpha': 4.329370014459266e-07, 'reg_lambda': 4.4734294104626844e-07}. Best is trial 1 with value: 0.2978450099955839.
[I 2026-04-13 19:42:56,778] Trial 2 finished with value: 0.2887441963050314 and parameters: {'learning_rate': 0.024878734419814436, 'max_depth': 7, 'min_child_weight': 5, 'subsample': 0.7164916560792167, 'colsample_bytree': 0.8447411578889518, 'gamma': 0.6974693032602092, 'reg_alpha': 4.258943089524393e-06, 'reg_lambda': 1.9826980964985924e-05}. Best is trial 2 with value: 0.2887441963050314.
[I 2026-04-13 19:43:02,654] Trial 3 finished with value: 0.282493361913078 and parameters: {'learning_rate': 0.03920673972242137, 'max_depth': 9, 'min_child_weight': 2, 'subsample': 0.8056937753654446, 'colsample_bytree': 0.836965827544817, 'gamma': 0.23225206359998862, 'reg_alpha': 0.0029369981104377003, 'reg_lambda': 3.425445902633376e-07}. Best is trial 3 with value: 0.282493361913078.
[I 2026-04-13 19:43:15,453] Trial 4 finished with value: 0.29868878267486265 and parameters: {'learning_rate': 0.012151617026673379, 'max_depth': 10, 'min_child_weight': 10, 'subsample': 0.9233589392465844, 'colsample_bytree': 0.7218455076693483, 'gamma': 0.48836057003191935, 'reg_alpha': 0.014391207615728067, 'reg_lambda': 9.148975058772307e-05}. Best is trial 3 with value: 0.282493361913078.
[I 2026-04-13 19:43:24,446] Trial 5 finished with value: 0.34167156367271495 and parameters: {'learning_rate': 0.014413697528610409, 'max_depth': 6, 'min_child_weight': 1, 'subsample': 0.9637281608315128, 'colsample_bytree': 0.7035119926400067, 'gamma': 3.31261142176991, 'reg_alpha': 6.388511557344611e-06, 'reg_lambda': 0.0004793052550782129}. Best is trial 3 with value: 0.282493361913078.
[I 2026-04-13 19:43:28,524] Trial 6 finished with value: 0.3395867652346738 and parameters: {'learning_rate': 0.05143828405076928, 'max_depth': 4, 'min_child_weight': 10, 'subsample': 0.9100531293444458, 'colsample_bytree': 0.9757995766256756, 'gamma': 4.474136752138244, 'reg_alpha': 0.002404915432737351, 'reg_lambda': 1.9809253750493907}. Best is trial 3 with value: 0.282493361913078.
[I 2026-04-13 19:43:42,592] Trial 7 finished with value: 0.3118518833759582 and parameters: {'learning_rate': 0.01303561122512888, 'max_depth': 4, 'min_child_weight': 1, 'subsample': 0.7301321323053057, 'colsample_bytree': 0.7554709158757928, 'gamma': 1.3567451588694794, 'reg_alpha': 0.28749982347407854, 'reg_lambda': 1.6247252885719427e-05}. Best is trial 3 with value: 0.282493361913078.
[I 2026-04-13 19:43:49,219] Trial 8 finished with value: 0.37055523343439123 and parameters: {'learning_rate': 0.023200867504756827, 'max_depth': 7, 'min_child_weight': 2, 'subsample': 0.9208787923016158, 'colsample_bytree': 0.6298202574719083, 'gamma': 4.9344346830025865, 'reg_alpha': 0.08916674715636537, 'reg_lambda': 6.143857495033091e-07}. Best is trial 3 with value: 0.282493361913078.
[I 2026-04-13 19:44:04,250] Trial 9 finished with value: 0.2846324677319839 and parameters: {'learning_rate': 0.010166803740022877, 'max_depth': 9, 'min_child_weight': 8, 'subsample': 0.8916028672163949, 'colsample_bytree': 0.9085081386743783, 'gamma': 0.3702232586704518, 'reg_alpha': 1.683416412018213e-05, 'reg_lambda': 1.1036250149900698e-07}. Best is trial 3 with value: 0.282493361913078.
[I 2026-04-13 19:44:09,113] Trial 10 finished with value: 0.3501637705544118 and parameters: {'learning_rate': 0.15839470836995273, 'max_depth': 6, 'min_child_weight': 4, 'subsample': 0.6071847502459279, 'colsample_bytree': 0.8262452362725613, 'gamma': 2.1340644769165715, 'reg_alpha': 4.3444691085504035, 'reg_lambda': 1.2784194237583953e-08}. Best is trial 3 with value: 0.282493361913078.
[I 2026-04-13 19:44:13,851] Trial 11 finished with value: 0.28183306738495717 and parameters: {'learning_rate': 0.10459854480992462, 'max_depth': 9, 'min_child_weight': 7, 'subsample': 0.8234098923117161, 'colsample_bytree': 0.886588474674238, 'gamma': 0.18425648529685637, 'reg_alpha': 0.00013730750409712947, 'reg_lambda': 1.3830977828403221e-08}. Best is trial 11 with value: 0.28183306738495717.
[I 2026-04-13 19:44:18,588] Trial 12 finished with value: 0.2852798644206872 and parameters: {'learning_rate': 0.09868192962820203, 'max_depth': 9, 'min_child_weight': 7, 'subsample': 0.7853549589092494, 'colsample_bytree': 0.8770450681799065, 'gamma': 0.03755154871269639, 'reg_alpha': 0.0001653282123997987, 'reg_lambda': 0.007483948702276168}. Best is trial 11 with value: 0.28183306738495717.
[I 2026-04-13 19:44:22,842] Trial 13 finished with value: 0.31042917598838293 and parameters: {'learning_rate': 0.08170216566351568, 'max_depth': 8, 'min_child_weight': 3, 'subsample': 0.8212663057499048, 'colsample_bytree': 0.7869152783989518, 'gamma': 1.9940578192915397, 'reg_alpha': 0.0005844317258424099, 'reg_lambda': 1.0529968436728954e-08}. Best is trial 11 with value: 0.28183306738495717.
[I 2026-04-13 19:44:26,408] Trial 14 finished with value: 0.3013395771960558 and parameters: {'learning_rate': 0.15235614831895833, 'max_depth': 9, 'min_child_weight': 6, 'subsample': 0.7376329499992832, 'colsample_bytree': 0.9845965466204114, 'gamma': 1.582452318550052, 'reg_alpha': 0.0001319968782396929, 'reg_lambda': 2.4198546875244328e-06}. Best is trial 11 with value: 0.28183306738495717.
[I 2026-04-13 19:44:33,112] Trial 15 finished with value: 0.3221745939027924 and parameters: {'learning_rate': 0.038058074340439965, 'max_depth': 8, 'min_child_weight': 5, 'subsample': 0.6662225125541511, 'colsample_bytree': 0.8796458520893324, 'gamma': 3.247110202776925, 'reg_alpha': 0.007051767904409718, 'reg_lambda': 6.764449285953402e-08}. Best is trial 11 with value: 0.28183306738495717.
[I 2026-04-13 19:44:36,786] Trial 16 finished with value: 0.32018515443278117 and parameters: {'learning_rate': 0.10358904058628286, 'max_depth': 5, 'min_child_weight': 3, 'subsample': 0.7856665984179805, 'colsample_bytree': 0.7970524373345279, 'gamma': 2.8906858200128216, 'reg_alpha': 0.20907888901040383, 'reg_lambda': 0.004619683920326875}. Best is trial 11 with value: 0.28183306738495717.
[I 2026-04-13 19:44:42,048] Trial 17 finished with value: 0.28240109569715843 and parameters: {'learning_rate': 0.06881211558283286, 'max_depth': 10, 'min_child_weight': 7, 'subsample': 0.839633317003315, 'colsample_bytree': 0.9426024404930055, 'gamma': 0.13609513195598488, 'reg_alpha': 4.69464426477512e-05, 'reg_lambda': 3.045810326708338e-06}. Best is trial 11 with value: 0.28183306738495717.
[I 2026-04-13 19:44:46,353] Trial 18 finished with value: 0.30196535223029514 and parameters: {'learning_rate': 0.1903995346274831, 'max_depth': 10, 'min_child_weight': 8, 'subsample': 0.8671827688862229, 'colsample_bytree': 0.9471895605112949, 'gamma': 1.601698676289585, 'reg_alpha': 3.393534335304819e-07, 'reg_lambda': 4.719104413077012e-06}. Best is trial 11 with value: 0.28183306738495717.
[I 2026-04-13 19:44:50,841] Trial 19 finished with value: 0.3309499895292677 and parameters: {'learning_rate': 0.060838657764170155, 'max_depth': 3, 'min_child_weight': 7, 'subsample': 0.8507674481925379, 'colsample_bytree': 0.9187669158954325, 'gamma': 4.134336554829186, 'reg_alpha': 4.4065697788021455e-05, 'reg_lambda': 0.0005697122373822781}. Best is trial 11 with value: 0.28183306738495717.
[I 2026-04-13 19:44:54,721] Trial 20 finished with value: 0.31269582754655295 and parameters: {'learning_rate': 0.0765845737593164, 'max_depth': 10, 'min_child_weight': 9, 'subsample': 0.7637108860533287, 'colsample_bytree': 0.9965108784574398, 'gamma': 2.3595802000511106, 'reg_alpha': 1.7970632053092328e-06, 'reg_lambda': 6.08635838315767e-08}. Best is trial 11 with value: 0.28183306738495717.
[I 2026-04-13 19:45:01,056] Trial 21 finished with value: 0.28667975884304137 and parameters: {'learning_rate': 0.0397915926430475, 'max_depth': 9, 'min_child_weight': 6, 'subsample': 0.8090148747954518, 'colsample_bytree': 0.8603299186783986, 'gamma': 0.009057000263308829, 'reg_alpha': 0.0009559423966381956, 'reg_lambda': 5.202043802286749e-07}. Best is trial 11 with value: 0.28183306738495717.
[I 2026-04-13 19:45:04,522] Trial 22 finished with value: 0.29524760095566627 and parameters: {'learning_rate': 0.1183740955650999, 'max_depth': 8, 'min_child_weight': 7, 'subsample': 0.8519416923901437, 'colsample_bytree': 0.8987960516371059, 'gamma': 1.036516452792434, 'reg_alpha': 6.932465996789307e-05, 'reg_lambda': 4.321486905469073e-06}. Best is trial 11 with value: 0.28183306738495717.
[I 2026-04-13 19:45:08,665] Trial 23 finished with value: 0.2808208333269777 and parameters: {'learning_rate': 0.07938937758554232, 'max_depth': 9, 'min_child_weight': 4, 'subsample': 0.6783195564657784, 'colsample_bytree': 0.8299898502349405, 'gamma': 0.2843060204228879, 'reg_alpha': 0.020120796353069483, 'reg_lambda': 1.5538284659733254e-07}. Best is trial 23 with value: 0.2808208333269777.
[I 2026-04-13 19:45:13,105] Trial 24 finished with value: 0.28980701826852506 and parameters: {'learning_rate': 0.0763270499473955, 'max_depth': 10, 'min_child_weight': 4, 'subsample': 0.6642194862038123, 'colsample_bytree': 0.9450588707370329, 'gamma': 0.886022629317747, 'reg_alpha': 0.03526100482797176, 'reg_lambda': 3.877778015143798e-08}. Best is trial 23 with value: 0.2808208333269777.
[I 2026-04-13 19:45:16,237] Trial 25 finished with value: 0.28705281650852876 and parameters: {'learning_rate': 0.11808888680345178, 'max_depth': 7, 'min_child_weight': 6, 'subsample': 0.6762360496513273, 'colsample_bytree': 0.7644200709807235, 'gamma': 0.5186690010259258, 'reg_alpha': 0.0005436607697103792, 'reg_lambda': 1.5795629384461025e-06}. Best is trial 23 with value: 0.2808208333269777.
[I 2026-04-13 19:45:21,173] Trial 26 finished with value: 0.315518139209587 and parameters: {'learning_rate': 0.05906989928144448, 'max_depth': 9, 'min_child_weight': 4, 'subsample': 0.6126486621390769, 'colsample_bytree': 0.8172728455916891, 'gamma': 1.3328898433758334, 'reg_alpha': 1.8898606990715678, 'reg_lambda': 4.392412613004616e-05}. Best is trial 23 with value: 0.2808208333269777.
[I 2026-04-13 19:45:24,620] Trial 27 finished with value: 0.2820161512460706 and parameters: {'learning_rate': 0.08459665975658405, 'max_depth': 8, 'min_child_weight': 9, 'subsample': 0.759147376950585, 'colsample_bytree': 0.8806718573373837, 'gamma': 0.2793923529707545, 'reg_alpha': 2.2978649244140538e-05, 'reg_lambda': 1.0776786433279455e-07}. Best is trial 23 with value: 0.2808208333269777.
[I 2026-04-13 19:45:28,130] Trial 28 finished with value: 0.29204822720544527 and parameters: {'learning_rate': 0.13376707241334607, 'max_depth': 8, 'min_child_weight': 9, 'subsample': 0.6969119149228137, 'colsample_bytree': 0.8714477421905116, 'gamma': 0.589435501074189, 'reg_alpha': 0.7103248356343719, 'reg_lambda': 1.299095694994471e-07}. Best is trial 23 with value: 0.2808208333269777.
[I 2026-04-13 19:45:32,045] Trial 29 finished with value: 0.29167290321300066 and parameters: {'learning_rate': 0.0964414427577295, 'max_depth': 7, 'min_child_weight': 8, 'subsample': 0.6315775622765432, 'colsample_bytree': 0.8945628069247389, 'gamma': 0.935969545356699, 'reg_alpha': 3.0439381964747143e-07, 'reg_lambda': 1.6294534113331177e-08}. Best is trial 23 with value: 0.2808208333269777.
[I 2026-04-13 19:45:37,104] Trial 30 finished with value: 0.3095905665803875 and parameters: {'learning_rate': 0.04894228938498437, 'max_depth': 8, 'min_child_weight': 9, 'subsample': 0.7541114042242193, 'colsample_bytree': 0.7679462934138811, 'gamma': 1.7268318051958087, 'reg_alpha': 2.4249713988677684e-08, 'reg_lambda': 0.08409881209032068}. Best is trial 23 with value: 0.2808208333269777.
[I 2026-04-13 19:45:40,947] Trial 31 finished with value: 0.28390580849694497 and parameters: {'learning_rate': 0.08091603319432666, 'max_depth': 10, 'min_child_weight': 7, 'subsample': 0.8349337395484047, 'colsample_bytree': 0.9631782544426454, 'gamma': 0.2645584380140287, 'reg_alpha': 2.497452123736503e-05, 'reg_lambda': 2.7588669438325926e-07}. Best is trial 23 with value: 0.2808208333269777.
[I 2026-04-13 19:45:45,413] Trial 32 finished with value: 0.2939900050856955 and parameters: {'learning_rate': 0.0655323511764684, 'max_depth': 9, 'min_child_weight': 5, 'subsample': 0.765113085936092, 'colsample_bytree': 0.9308181901108054, 'gamma': 1.1775500164368613, 'reg_alpha': 1.2938495767537573e-06, 'reg_lambda': 1.22429874590535e-06}. Best is trial 23 with value: 0.2808208333269777.
[I 2026-04-13 19:45:49,567] Trial 33 finished with value: 0.2886460601959739 and parameters: {'learning_rate': 0.09622439121296271, 'max_depth': 9, 'min_child_weight': 8, 'subsample': 0.7091026879370994, 'colsample_bytree': 0.810207994748072, 'gamma': 0.6726758415350651, 'reg_alpha': 7.745279972360589e-06, 'reg_lambda': 4.1623256000986764e-08}. Best is trial 23 with value: 0.2808208333269777.
[I 2026-04-13 19:45:54,292] Trial 34 finished with value: 0.28750658280547675 and parameters: {'learning_rate': 0.06572526452617326, 'max_depth': 10, 'min_child_weight': 6, 'subsample': 0.784856089027284, 'colsample_bytree': 0.8507554450742636, 'gamma': 0.007842901897248955, 'reg_alpha': 1.261359391194559e-07, 'reg_lambda': 2.0733306385559757e-07}. Best is trial 23 with value: 0.2808208333269777.
[I 2026-04-13 19:45:57,035] Trial 35 finished with value: 0.28470477946219636 and parameters: {'learning_rate': 0.11978142201611039, 'max_depth': 8, 'min_child_weight': 9, 'subsample': 0.8716598305869582, 'colsample_bytree': 0.8525093847480143, 'gamma': 0.2943851808953424, 'reg_alpha': 0.00255909149140495, 'reg_lambda': 1.1020955022275986e-05}. Best is trial 23 with value: 0.2808208333269777.
[I 2026-04-13 19:46:03,744] Trial 36 finished with value: 0.29200631621685963 and parameters: {'learning_rate': 0.028725921423231084, 'max_depth': 9, 'min_child_weight': 5, 'subsample': 0.8251115552907693, 'colsample_bytree': 0.915337798545357, 'gamma': 0.8966959177796372, 'reg_alpha': 0.00018301770674432097, 'reg_lambda': 8.383660737888321e-07}. Best is trial 23 with value: 0.2808208333269777.
[I 2026-04-13 19:46:09,115] Trial 37 finished with value: 0.28635076301000123 and parameters: {'learning_rate': 0.05431058939853069, 'max_depth': 10, 'min_child_weight': 7, 'subsample': 0.644441816022579, 'colsample_bytree': 0.9622383611178279, 'gamma': 0.6014402535778228, 'reg_alpha': 0.01120386365279423, 'reg_lambda': 2.920230466645832e-08}. Best is trial 23 with value: 0.2808208333269777.
[I 2026-04-13 19:46:14,779] Trial 38 finished with value: 0.28447370960839546 and parameters: {'learning_rate': 0.04486541250075012, 'max_depth': 6, 'min_child_weight': 3, 'subsample': 0.6943977991903464, 'colsample_bytree': 0.7115760542646047, 'gamma': 0.3021342501482392, 'reg_alpha': 3.393919865398478e-06, 'reg_lambda': 2.0300849056174607e-07}. Best is trial 23 with value: 0.2808208333269777.
[I 2026-04-13 19:46:17,991] Trial 39 finished with value: 0.30190847129962073 and parameters: {'learning_rate': 0.08554282004034118, 'max_depth': 7, 'min_child_weight': 10, 'subsample': 0.9803352379816822, 'colsample_bytree': 0.8375749157415205, 'gamma': 1.210195089660147, 'reg_alpha': 8.244813411020803e-06, 'reg_lambda': 4.0368547127339776e-05}. Best is trial 23 with value: 0.2808208333269777.