Carregando dados limpos de:
c:\Users\mpoli\Desktop\UFOP\9 PERIODO\TCC\Scripts\ModelData\Bahrain Grand Prix\bahrain_grand_prix_cleaned_data.csv
--- PREPARAÇÃO PARA XGBOOST (SEM ONE_HOT_THRESH, DRIVER ONE-HOT) ---

--- SPLIT SEQUENCIAL DEFINIDO ---
Pista: Bahrain Grand Prix
Total de voltas consideradas: 55 (LapNumber 3-57)
Holdout (20% final): voltas 47-57 | Total de voltas: 11 | Registros: 620
Modelagem (80% iniciais): voltas 3-46 | Total de voltas: 44 | Registros: 2541

--- SLIDING WINDOW CONFIGURADO (DENTRO DOS 80% DE MODELAGEM) ---
window_ratio=0.20 | window_size=509 | train/val interno=407/102 | step_size=102 | janelas=21

--- TUNAGEM OPTUNA ---

--- CALIBRANDO N_ESTIMATORS POR SLIDING WINDOW ---

--- TREINANDO MODELO FINAL (BASE DE MODELAGEM 80%) ---

Parâmetros Finais Otimizados:
{'objective': 'reg:squarederror', 'tree_method': 'hist', 'eval_metric': 'rmse', 'seed': 42, 'learning_rate': 0.02942925908954217, 'max_depth': 7, 'min_child_weight': 5, 'subsample': 0.7385820567528203, 'colsample_bytree': 0.9721706138710469, 'gamma': 0.42151220082557683, 'reg_alpha': 2.4249713988677684e-08, 'reg_lambda': 0.00022987893405681782, 'n_estimators': 316}

[SUCESSO] Parametros do Optuna salvos em:
c:\Users\mpoli\Desktop\UFOP\9 PERIODO\TCC\Scripts\Results\xgboost\sw\params\bahrain_grand_prix_xgb_params_sw.json

--- AVALIAÇÃO INTERNA POR SLIDING WINDOW (DENTRO DOS 80%) ---
Janela 1 | treino LapNumber 3-8 (n=407) | val LapNumber 8-10 (n=102) | RMSE=0.3200 | R2=0.9467
Janela 2 | treino LapNumber 4-10 (n=407) | val LapNumber 10-12 (n=102) | RMSE=0.3524 | R2=0.9348
Janela 3 | treino LapNumber 5-12 (n=407) | val LapNumber 12-14 (n=102) | RMSE=0.2985 | R2=0.9646
Janela 4 | treino LapNumber 7-14 (n=407) | val LapNumber 14-16 (n=102) | RMSE=0.3950 | R2=0.9282
Janela 5 | treino LapNumber 8-16 (n=407) | val LapNumber 16-18 (n=102) | RMSE=0.4037 | R2=0.9247
Janela 6 | treino LapNumber 10-18 (n=407) | val LapNumber 18-20 (n=102) | RMSE=0.3636 | R2=0.8849
Janela 7 | treino LapNumber 12-20 (n=407) | val LapNumber 20-21 (n=102) | RMSE=0.2493 | R2=0.9224
Janela 8 | treino LapNumber 14-21 (n=407) | val LapNumber 21-23 (n=102) | RMSE=0.3006 | R2=0.9245
Janela 9 | treino LapNumber 16-23 (n=407) | val LapNumber 23-24 (n=102) | RMSE=0.2820 | R2=0.9414
Janela 10 | treino LapNumber 18-24 (n=407) | val LapNumber 24-25 (n=102) | RMSE=0.2959 | R2=0.9310
Janela 11 | treino LapNumber 20-25 (n=407) | val LapNumber 26-27 (n=102) | RMSE=0.2630 | R2=0.9537
Janela 12 | treino LapNumber 21-27 (n=407) | val LapNumber 27-29 (n=102) | RMSE=0.3109 | R2=0.9410
Janela 13 | treino LapNumber 23-29 (n=407) | val LapNumber 29-31 (n=102) | RMSE=0.3611 | R2=0.9343
Janela 14 | treino LapNumber 24-31 (n=407) | val LapNumber 31-33 (n=102) | RMSE=0.2775 | R2=0.9633
Janela 15 | treino LapNumber 26-33 (n=407) | val LapNumber 33-35 (n=102) | RMSE=0.2882 | R2=0.9528
Janela 16 | treino LapNumber 27-35 (n=407) | val LapNumber 36-38 (n=102) | RMSE=0.3723 | R2=0.9100
Janela 17 | treino LapNumber 29-38 (n=407) | val LapNumber 38-39 (n=102) | RMSE=0.3898 | R2=0.8899
Janela 18 | treino LapNumber 31-39 (n=407) | val LapNumber 39-41 (n=102) | RMSE=0.3088 | R2=0.9492
Janela 19 | treino LapNumber 33-41 (n=407) | val LapNumber 41-43 (n=102) | RMSE=0.2976 | R2=0.9471
Janela 20 | treino LapNumber 36-43 (n=407) | val LapNumber 43-45 (n=102) | RMSE=0.2691 | R2=0.9507
Janela 21 | treino LapNumber 38-44 (n=407) | val LapNumber 44-46 (n=102) | RMSE=0.3098 | R2=0.9308

--- RESULTADO FINAL XGBOOST ---
RMSE Médio: 0.3195 IC95%: [0.2986, 0.3404]
MAE Médio: 0.2458 IC95%: [0.2291, 0.2626]
R2 Médio: 0.9346 IC95%: [0.9250, 0.9441]

--- TESTE FINAL NO HOLDOUT SEQUENCIAL (20%) ---
Teste final (holdout): voltas 47-57 | Registros: 620
Holdout RMSE: 0.3026
Holdout MAE: 0.2348
Holdout R2: 0.9338

[I 2026-04-13 19:14:05,410] A new study created in memory with name: no-name-b9bc7e92-a8ef-4955-9fcb-31affd7b2984
[I 2026-04-13 19:14:14,003] Trial 0 finished with value: 0.3630721456208881 and parameters: {'learning_rate': 0.030710573677773714, 'max_depth': 10, 'min_child_weight': 8, 'subsample': 0.8394633936788146, 'colsample_bytree': 0.6624074561769746, 'gamma': 0.7799726016810132, 'reg_alpha': 3.3323645788192616e-08, 'reg_lambda': 0.6245760287469893}. Best is trial 0 with value: 0.3630721456208881.
[I 2026-04-13 19:14:18,580] Trial 1 finished with value: 0.3356020307389585 and parameters: {'learning_rate': 0.06054365855469246, 'max_depth': 8, 'min_child_weight': 1, 'subsample': 0.9879639408647978, 'colsample_bytree': 0.9329770563201687, 'gamma': 1.0616955533913808, 'reg_alpha': 4.329370014459266e-07, 'reg_lambda': 4.4734294104626844e-07}. Best is trial 1 with value: 0.3356020307389585.
[I 2026-04-13 19:14:27,196] Trial 2 finished with value: 0.33266862433819405 and parameters: {'learning_rate': 0.024878734419814436, 'max_depth': 7, 'min_child_weight': 5, 'subsample': 0.7164916560792167, 'colsample_bytree': 0.8447411578889518, 'gamma': 0.6974693032602092, 'reg_alpha': 4.258943089524393e-06, 'reg_lambda': 1.9826980964985924e-05}. Best is trial 2 with value: 0.33266862433819405.
[I 2026-04-13 19:14:33,745] Trial 3 finished with value: 0.3253947698952808 and parameters: {'learning_rate': 0.03920673972242137, 'max_depth': 9, 'min_child_weight': 2, 'subsample': 0.8056937753654446, 'colsample_bytree': 0.836965827544817, 'gamma': 0.23225206359998862, 'reg_alpha': 0.0029369981104377003, 'reg_lambda': 3.425445902633376e-07}. Best is trial 3 with value: 0.3253947698952808.
[I 2026-04-13 19:14:47,715] Trial 4 finished with value: 0.3461623438209347 and parameters: {'learning_rate': 0.012151617026673379, 'max_depth': 10, 'min_child_weight': 10, 'subsample': 0.9233589392465844, 'colsample_bytree': 0.7218455076693483, 'gamma': 0.48836057003191935, 'reg_alpha': 0.014391207615728067, 'reg_lambda': 9.148975058772307e-05}. Best is trial 3 with value: 0.3253947698952808.
[I 2026-04-13 19:14:56,756] Trial 5 finished with value: 0.4000474879528947 and parameters: {'learning_rate': 0.014413697528610409, 'max_depth': 6, 'min_child_weight': 1, 'subsample': 0.9637281608315128, 'colsample_bytree': 0.7035119926400067, 'gamma': 3.31261142176991, 'reg_alpha': 6.388511557344611e-06, 'reg_lambda': 0.0004793052550782129}. Best is trial 3 with value: 0.3253947698952808.
[I 2026-04-13 19:15:01,146] Trial 6 finished with value: 0.3924693090453177 and parameters: {'learning_rate': 0.05143828405076928, 'max_depth': 4, 'min_child_weight': 10, 'subsample': 0.9100531293444458, 'colsample_bytree': 0.9757995766256756, 'gamma': 4.474136752138244, 'reg_alpha': 0.002404915432737351, 'reg_lambda': 1.9809253750493907}. Best is trial 3 with value: 0.3253947698952808.
[I 2026-04-13 19:15:14,090] Trial 7 finished with value: 0.35766247880386437 and parameters: {'learning_rate': 0.01303561122512888, 'max_depth': 4, 'min_child_weight': 1, 'subsample': 0.7301321323053057, 'colsample_bytree': 0.7554709158757928, 'gamma': 1.3567451588694794, 'reg_alpha': 0.28749982347407854, 'reg_lambda': 1.6247252885719427e-05}. Best is trial 3 with value: 0.3253947698952808.
[I 2026-04-13 19:15:19,994] Trial 8 finished with value: 0.4360268558100574 and parameters: {'learning_rate': 0.023200867504756827, 'max_depth': 7, 'min_child_weight': 2, 'subsample': 0.9208787923016158, 'colsample_bytree': 0.6298202574719083, 'gamma': 4.9344346830025865, 'reg_alpha': 0.08916674715636537, 'reg_lambda': 6.143857495033091e-07}. Best is trial 3 with value: 0.3253947698952808.
[I 2026-04-13 19:15:34,646] Trial 9 finished with value: 0.3249192392696847 and parameters: {'learning_rate': 0.010166803740022877, 'max_depth': 9, 'min_child_weight': 8, 'subsample': 0.8916028672163949, 'colsample_bytree': 0.9085081386743783, 'gamma': 0.3702232586704518, 'reg_alpha': 1.683416412018213e-05, 'reg_lambda': 1.1036250149900698e-07}. Best is trial 9 with value: 0.3249192392696847.
[I 2026-04-13 19:15:38,004] Trial 10 finished with value: 0.4081053672281926 and parameters: {'learning_rate': 0.13901555913486444, 'max_depth': 6, 'min_child_weight': 6, 'subsample': 0.6071847502459279, 'colsample_bytree': 0.9016552640704525, 'gamma': 2.0963905612410483, 'reg_alpha': 4.3444691085504035, 'reg_lambda': 1.25901082270381e-08}. Best is trial 9 with value: 0.3249192392696847.
[I 2026-04-13 19:15:41,580] Trial 11 finished with value: 0.3258328912098667 and parameters: {'learning_rate': 0.10459854480992462, 'max_depth': 9, 'min_child_weight': 4, 'subsample': 0.8234098923117161, 'colsample_bytree': 0.8338781008362444, 'gamma': 0.18425648529685637, 'reg_alpha': 0.00013730750409712947, 'reg_lambda': 1.3830977828403221e-08}. Best is trial 9 with value: 0.3249192392696847.
[I 2026-04-13 19:15:45,393] Trial 12 finished with value: 0.34535614059642966 and parameters: {'learning_rate': 0.07898927623865827, 'max_depth': 9, 'min_child_weight': 8, 'subsample': 0.7650970966716661, 'colsample_bytree': 0.8849189151537689, 'gamma': 1.7284687262413334, 'reg_alpha': 0.0001653282123997987, 'reg_lambda': 0.007483948702276168}. Best is trial 9 with value: 0.3249192392696847.
[I 2026-04-13 19:15:51,622] Trial 13 finished with value: 0.3733839416799907 and parameters: {'learning_rate': 0.0374584318934793, 'max_depth': 8, 'min_child_weight': 7, 'subsample': 0.8611719000163913, 'colsample_bytree': 0.7886369489536518, 'gamma': 2.7974450966850046, 'reg_alpha': 0.0008635533556226491, 'reg_lambda': 3.3922674955501893e-07}. Best is trial 9 with value: 0.3249192392696847.
[I 2026-04-13 19:16:01,793] Trial 14 finished with value: 0.32191767797639403 and parameters: {'learning_rate': 0.019602282595315684, 'max_depth': 9, 'min_child_weight': 3, 'subsample': 0.6638123593227387, 'colsample_bytree': 0.9880384973854812, 'gamma': 0.06275333461169008, 'reg_alpha': 4.266206929447579e-05, 'reg_lambda': 1.6075293775522422e-06}. Best is trial 14 with value: 0.32191767797639403.
[I 2026-04-13 19:16:12,371] Trial 15 finished with value: 0.32099686402007394 and parameters: {'learning_rate': 0.01822668793300993, 'max_depth': 8, 'min_child_weight': 4, 'subsample': 0.6486769642159411, 'colsample_bytree': 0.9760582097550582, 'gamma': 0.06849495075112678, 'reg_alpha': 1.0467868653862726e-06, 'reg_lambda': 3.991877030147726e-06}. Best is trial 15 with value: 0.32099686402007394.
[I 2026-04-13 19:16:21,259] Trial 16 finished with value: 0.37285717128561696 and parameters: {'learning_rate': 0.019331723690080058, 'max_depth': 5, 'min_child_weight': 4, 'subsample': 0.623059696379491, 'colsample_bytree': 0.9996988159036907, 'gamma': 3.707016370161076, 'reg_alpha': 1.1032173338053777e-08, 'reg_lambda': 0.005691361824137141}. Best is trial 15 with value: 0.32099686402007394.
[I 2026-04-13 19:16:31,871] Trial 17 finished with value: 0.33498925029949955 and parameters: {'learning_rate': 0.017742908135620405, 'max_depth': 8, 'min_child_weight': 3, 'subsample': 0.6672087034359617, 'colsample_bytree': 0.9564050006845978, 'gamma': 1.4496305193636807, 'reg_alpha': 3.62504882311869e-07, 'reg_lambda': 7.2619491219488985e-06}. Best is trial 15 with value: 0.32099686402007394.
[I 2026-04-13 19:16:39,213] Trial 18 finished with value: 0.34760418126549014 and parameters: {'learning_rate': 0.02782043730218619, 'max_depth': 3, 'min_child_weight': 4, 'subsample': 0.6694419577620464, 'colsample_bytree': 0.9993252978706443, 'gamma': 2.1965318449856635, 'reg_alpha': 1.6721369318822594e-07, 'reg_lambda': 0.0020222602671843225}. Best is trial 15 with value: 0.32099686402007394.
[I 2026-04-13 19:16:49,246] Trial 19 finished with value: 0.3196835018869184 and parameters: {'learning_rate': 0.01792311643256987, 'max_depth': 7, 'min_child_weight': 5, 'subsample': 0.6596639940739264, 'colsample_bytree': 0.9458545428635647, 'gamma': 0.09062379462045247, 'reg_alpha': 3.6802769704951534e-05, 'reg_lambda': 2.2751114067802034e-06}. Best is trial 19 with value: 0.3196835018869184.
[I 2026-04-13 19:17:01,197] Trial 20 finished with value: 0.3319894418904953 and parameters: {'learning_rate': 0.016363834813652146, 'max_depth': 7, 'min_child_weight': 6, 'subsample': 0.7172781396970069, 'colsample_bytree': 0.9398572053416436, 'gamma': 1.0418303575336805, 'reg_alpha': 1.0637285704277236e-06, 'reg_lambda': 0.05048179175474205}. Best is trial 19 with value: 0.3196835018869184.
[I 2026-04-13 19:17:11,312] Trial 21 finished with value: 0.32535582970606836 and parameters: {'learning_rate': 0.019105825812809195, 'max_depth': 8, 'min_child_weight': 5, 'subsample': 0.6587848418440494, 'colsample_bytree': 0.9614254002093513, 'gamma': 0.019305262549160096, 'reg_alpha': 4.340290398807051e-05, 'reg_lambda': 2.974241052766475e-06}. Best is trial 19 with value: 0.3196835018869184.
[I 2026-04-13 19:17:17,454] Trial 22 finished with value: 0.32829511852579507 and parameters: {'learning_rate': 0.032551114425632514, 'max_depth': 6, 'min_child_weight': 3, 'subsample': 0.6399112191445065, 'colsample_bytree': 0.8738445964974806, 'gamma': 0.03355104300618372, 'reg_alpha': 3.326636402417143e-05, 'reg_lambda': 8.042911038361024e-05}. Best is trial 19 with value: 0.3196835018869184.
[I 2026-04-13 19:17:27,601] Trial 23 finished with value: 0.3241737352321289 and parameters: {'learning_rate': 0.022217602457157933, 'max_depth': 10, 'min_child_weight': 3, 'subsample': 0.6916565992592256, 'colsample_bytree': 0.9243427229525096, 'gamma': 0.7943026164544367, 'reg_alpha': 2.2493245629819845e-06, 'reg_lambda': 2.4683962819985022e-06}. Best is trial 19 with value: 0.3196835018869184.
[I 2026-04-13 19:17:41,918] Trial 24 finished with value: 0.3347258716773596 and parameters: {'learning_rate': 0.011127560550318586, 'max_depth': 7, 'min_child_weight': 5, 'subsample': 0.7557325238219459, 'colsample_bytree': 0.9735673046864592, 'gamma': 1.3543003527656063, 'reg_alpha': 0.00033066844182144586, 'reg_lambda': 5.3168828186029276e-08}. Best is trial 19 with value: 0.3196835018869184.
[I 2026-04-13 19:17:45,339] Trial 25 finished with value: 0.3237757863941364 and parameters: {'learning_rate': 0.19957713696355284, 'max_depth': 8, 'min_child_weight': 4, 'subsample': 0.6014404346564708, 'colsample_bytree': 0.8679848545353638, 'gamma': 0.5365790663871408, 'reg_alpha': 8.904430053501983e-06, 'reg_lambda': 8.260370724354881e-05}. Best is trial 19 with value: 0.3196835018869184.
[I 2026-04-13 19:17:57,714] Trial 26 finished with value: 0.3441685393087941 and parameters: {'learning_rate': 0.014697145948484567, 'max_depth': 9, 'min_child_weight': 2, 'subsample': 0.6903309317127908, 'colsample_bytree': 0.9402852158508165, 'gamma': 1.9353022659489871, 'reg_alpha': 1.1238581914588528e-07, 'reg_lambda': 4.044927561944983e-06}. Best is trial 19 with value: 0.3196835018869184.
[I 2026-04-13 19:18:02,843] Trial 27 finished with value: 0.3534393350922939 and parameters: {'learning_rate': 0.05286348272944522, 'max_depth': 5, 'min_child_weight': 6, 'subsample': 0.7760975920640389, 'colsample_bytree': 0.9999100810804638, 'gamma': 2.592458099936009, 'reg_alpha': 5.970826690614986e-05, 'reg_lambda': 1.3108074402188692e-06}. Best is trial 19 with value: 0.3196835018869184.
[I 2026-04-13 19:18:12,587] Trial 28 finished with value: 0.33547413175497853 and parameters: {'learning_rate': 0.02166172566652875, 'max_depth': 8, 'min_child_weight': 3, 'subsample': 0.6415833310177467, 'colsample_bytree': 0.8108149964996958, 'gamma': 0.8784208819458826, 'reg_alpha': 1.2279633042251922e-06, 'reg_lambda': 7.590934985899615e-08}. Best is trial 19 with value: 0.3196835018869184.
[I 2026-04-13 19:18:20,527] Trial 29 finished with value: 0.3267843263241825 and parameters: {'learning_rate': 0.032039153812905015, 'max_depth': 10, 'min_child_weight': 7, 'subsample': 0.6906153978529507, 'colsample_bytree': 0.9116131329133693, 'gamma': 0.0038362529104332965, 'reg_alpha': 0.0006488691333149946, 'reg_lambda': 2.8347937959717628e-05}. Best is trial 19 with value: 0.3196835018869184.
[I 2026-04-13 19:18:29,251] Trial 30 finished with value: 0.31841496582507467 and parameters: {'learning_rate': 0.02942925908954217, 'max_depth': 7, 'min_child_weight': 5, 'subsample': 0.7385820567528203, 'colsample_bytree': 0.9721706138710469, 'gamma': 0.42151220082557683, 'reg_alpha': 2.4249713988677684e-08, 'reg_lambda': 0.00022987893405681782}. Best is trial 30 with value: 0.31841496582507467.
[I 2026-04-13 19:18:36,564] Trial 31 finished with value: 0.3201427102070464 and parameters: {'learning_rate': 0.02900614356474139, 'max_depth': 7, 'min_child_weight': 5, 'subsample': 0.7399764610107271, 'colsample_bytree': 0.9683087141999719, 'gamma': 0.5069065745436893, 'reg_alpha': 1.6690864395208394e-08, 'reg_lambda': 0.00039806755092987057}. Best is trial 30 with value: 0.31841496582507467.
[I 2026-04-13 19:18:42,672] Trial 32 finished with value: 0.31949379285142493 and parameters: {'learning_rate': 0.04059445744210515, 'max_depth': 7, 'min_child_weight': 5, 'subsample': 0.7429334131969852, 'colsample_bytree': 0.9531123748426469, 'gamma': 0.5229524133095746, 'reg_alpha': 4.537270825827285e-08, 'reg_lambda': 0.000507337864176253}. Best is trial 30 with value: 0.31841496582507467.
[I 2026-04-13 19:18:48,380] Trial 33 finished with value: 0.3292602352855892 and parameters: {'learning_rate': 0.045817695162271084, 'max_depth': 6, 'min_child_weight': 7, 'subsample': 0.7484429338827641, 'colsample_bytree': 0.9450342467071433, 'gamma': 1.1258001877308652, 'reg_alpha': 3.5127589019596246e-08, 'reg_lambda': 0.06743639322010556}. Best is trial 30 with value: 0.31841496582507467.
[I 2026-04-13 19:18:54,258] Trial 34 finished with value: 0.322888917940915 and parameters: {'learning_rate': 0.06572526452617326, 'max_depth': 7, 'min_child_weight': 5, 'subsample': 0.784856089027284, 'colsample_bytree': 0.9252899855897834, 'gamma': 0.639329305995715, 'reg_alpha': 1.3999566466598125e-08, 'reg_lambda': 0.0005511243032922307}. Best is trial 30 with value: 0.31841496582507467.
[I 2026-04-13 19:19:02,304] Trial 35 finished with value: 0.3267650024315965 and parameters: {'learning_rate': 0.03770575486243306, 'max_depth': 7, 'min_child_weight': 6, 'subsample': 0.805459260661787, 'colsample_bytree': 0.8889178295307477, 'gamma': 0.4729879425808461, 'reg_alpha': 4.924994497611259e-08, 'reg_lambda': 0.0012434807830418394}. Best is trial 30 with value: 0.31841496582507467.
[I 2026-04-13 19:19:10,170] Trial 36 finished with value: 0.3297129008748995 and parameters: {'learning_rate': 0.027582314726127984, 'max_depth': 5, 'min_child_weight': 5, 'subsample': 0.7372521387556157, 'colsample_bytree': 0.9564969021594586, 'gamma': 1.0598234033883456, 'reg_alpha': 9.186472724994928e-08, 'reg_lambda': 0.00020508207965408258}. Best is trial 30 with value: 0.31841496582507467.
[I 2026-04-13 19:19:15,692] Trial 37 finished with value: 0.3690230513495513 and parameters: {'learning_rate': 0.04301209788626643, 'max_depth': 6, 'min_child_weight': 5, 'subsample': 0.7091858362187466, 'colsample_bytree': 0.6806518077881214, 'gamma': 1.6601912830654617, 'reg_alpha': 4.0716052052318825e-07, 'reg_lambda': 0.021451105795264845}. Best is trial 30 with value: 0.31841496582507467.
[I 2026-04-13 19:19:24,331] Trial 38 finished with value: 0.33834982962056004 and parameters: {'learning_rate': 0.026871969437507758, 'max_depth': 7, 'min_child_weight': 6, 'subsample': 0.8433257958675425, 'colsample_bytree': 0.8508125201771002, 'gamma': 0.7712035771766705, 'reg_alpha': 2.4844289918940433e-08, 'reg_lambda': 3.041848302622916e-05}. Best is trial 30 with value: 0.31841496582507467.
[I 2026-04-13 19:19:32,968] Trial 39 finished with value: 0.32242060521834004 and parameters: {'learning_rate': 0.03367131425192655, 'max_depth': 7, 'min_child_weight': 9, 'subsample': 0.7968961495275411, 'colsample_bytree': 0.9231984661274427, 'gamma': 0.3509191928091697, 'reg_alpha': 2.8567304066212804e-07, 'reg_lambda': 0.001843657041201907}. Best is trial 30 with value: 0.31841496582507467.